Flow report for bus
<<<<<<< HEAD
Sat Aug 28 06:02:11 2021
Quartus Prime Version 18.1.0 Build 625 09/12/2018 SJ Lite Edition
=======
Sat Aug 28 02:09:36 2021
Quartus Prime Version 20.1.0 Build 711 06/05/2020 SJ Lite Edition
>>>>>>> 5b0bba1ba2a3fb7fe864d9ba9dd2181ece03fcf0


---------------------
; Table of Contents ;
---------------------
  1. Legal Notice
  2. Flow Summary
  3. Flow Settings
  4. Flow Non-Default Global Settings
  5. Flow Elapsed Time
  6. Flow OS Summary
  7. Flow Log
  8. Flow Messages
  9. Flow Suppressed Messages



----------------
; Legal Notice ;
----------------
Copyright (C) 2018  Intel Corporation. All rights reserved.
Your use of Intel Corporation's design tools, logic functions 
and other software and tools, and its AMPP partner logic 
functions, and any output files from any of the foregoing 
(including device programming or simulation files), and any 
associated documentation or information are expressly subject 
to the terms and conditions of the Intel Program License 
Subscription Agreement, the Intel Quartus Prime License Agreement,
the Intel FPGA IP License Agreement, or other applicable license
agreement, including, without limitation, that your use is for
the sole purpose of programming logic devices manufactured by
Intel and sold by Intel or its authorized distributors.  Please
refer to the applicable agreement for further details.



+----------------------------------------------------------------------------------+
; Flow Summary                                                                     ;
+------------------------------------+---------------------------------------------+
<<<<<<< HEAD
; Flow Status                        ; Successful - Sat Aug 28 06:02:11 2021       ;
; Quartus Prime Version              ; 18.1.0 Build 625 09/12/2018 SJ Lite Edition ;
=======
; Flow Status                        ; Successful - Sat Aug 28 02:09:36 2021       ;
; Quartus Prime Version              ; 20.1.0 Build 711 06/05/2020 SJ Lite Edition ;
>>>>>>> 5b0bba1ba2a3fb7fe864d9ba9dd2181ece03fcf0
; Revision Name                      ; bus                                         ;
; Top-level Entity Name              ; top                                         ;
; Family                             ; Cyclone IV E                                ;
; Device                             ; EP4CE115F29C7                               ;
; Timing Models                      ; Final                                       ;
; Total logic elements               ; 837 / 114,480 ( < 1 % )                     ;
;     Total combinational functions  ; 797 / 114,480 ( < 1 % )                     ;
;     Dedicated logic registers      ; 414 / 114,480 ( < 1 % )                     ;
; Total registers                    ; 414                                         ;
; Total pins                         ; 36 / 529 ( 7 % )                            ;
; Total virtual pins                 ; 0                                           ;
; Total memory bits                  ; 98,304 / 3,981,312 ( 2 % )                  ;
; Embedded Multiplier 9-bit elements ; 0 / 532 ( 0 % )                             ;
; Total PLLs                         ; 0 / 4 ( 0 % )                               ;
+------------------------------------+---------------------------------------------+


+-----------------------------------------+
; Flow Settings                           ;
+-------------------+---------------------+
; Option            ; Setting             ;
+-------------------+---------------------+
<<<<<<< HEAD
; Start date & time ; 08/28/2021 06:00:49 ;
=======
; Start date & time ; 08/28/2021 02:09:11 ;
>>>>>>> 5b0bba1ba2a3fb7fe864d9ba9dd2181ece03fcf0
; Main task         ; Compilation         ;
; Revision Name     ; bus                 ;
+-------------------+---------------------+


+---------------------------------------------------------------------------------------------------------------------------------+
; Flow Non-Default Global Settings                                                                                                ;
+--------------------------------------+----------------------------------------+---------------+-------------+-------------------+
; Assignment Name                      ; Value                                  ; Default Value ; Entity Name ; Section Id        ;
+--------------------------------------+----------------------------------------+---------------+-------------+-------------------+
<<<<<<< HEAD
; COMPILER_SIGNATURE_ID                ; 1097532114921.163011064908672          ; --            ; --          ; --                ;
=======
; COMPILER_SIGNATURE_ID                ; 57715618760964.163009675115424         ; --            ; --          ; --                ;
>>>>>>> 5b0bba1ba2a3fb7fe864d9ba9dd2181ece03fcf0
; EDA_DESIGN_INSTANCE_NAME             ; NA                                     ; --            ; --          ; slave_out_port_tb ;
; EDA_DESIGN_INSTANCE_NAME             ; NA                                     ; --            ; --          ; slave_4k_tb       ;
; EDA_DESIGN_INSTANCE_NAME             ; NA                                     ; --            ; --          ; slave_port_tb     ;
; EDA_DESIGN_INSTANCE_NAME             ; NA                                     ; --            ; --          ; slave_in_port_tb  ;
; EDA_DESIGN_INSTANCE_NAME             ; NA                                     ; --            ; --          ; top_tb            ;
; EDA_NATIVELINK_SIMULATION_TEST_BENCH ; top_tb                                 ; --            ; --          ; eda_simulation    ;
; EDA_OUTPUT_DATA_FORMAT               ; Verilog Hdl                            ; --            ; --          ; eda_simulation    ;
; EDA_SIMULATION_TOOL                  ; ModelSim-Altera (Verilog)              ; <None>        ; --          ; --                ;
; EDA_TEST_BENCH_ENABLE_STATUS         ; TEST_BENCH_MODE                        ; --            ; --          ; eda_simulation    ;
; EDA_TEST_BENCH_FILE                  ; slave_out_port_tb.v                    ; --            ; --          ; slave_out_port_tb ;
; EDA_TEST_BENCH_FILE                  ; slave_4k_tb.v                          ; --            ; --          ; slave_4k_tb       ;
; EDA_TEST_BENCH_FILE                  ; slave_port_tb.v                        ; --            ; --          ; slave_port_tb     ;
; EDA_TEST_BENCH_FILE                  ; slave_in_port_tb.v                     ; --            ; --          ; slave_in_port_tb  ;
; EDA_TEST_BENCH_FILE                  ; top_tb.v                               ; --            ; --          ; top_tb            ;
; EDA_TEST_BENCH_MODULE_NAME           ; slave_out_port_tb                      ; --            ; --          ; slave_out_port_tb ;
; EDA_TEST_BENCH_MODULE_NAME           ; slave_4k_tb                            ; --            ; --          ; slave_4k_tb       ;
; EDA_TEST_BENCH_MODULE_NAME           ; slave_port_tb                          ; --            ; --          ; slave_port_tb     ;
; EDA_TEST_BENCH_MODULE_NAME           ; slave_in_port_tb                       ; --            ; --          ; slave_in_port_tb  ;
; EDA_TEST_BENCH_MODULE_NAME           ; top_tb                                 ; --            ; --          ; top_tb            ;
; EDA_TEST_BENCH_NAME                  ; slave_in_port_tb                       ; --            ; --          ; eda_simulation    ;
; EDA_TEST_BENCH_NAME                  ; slave_out_port_tb                      ; --            ; --          ; eda_simulation    ;
; EDA_TEST_BENCH_NAME                  ; slave_port_tb                          ; --            ; --          ; eda_simulation    ;
; EDA_TEST_BENCH_NAME                  ; slave_4k_tb                            ; --            ; --          ; eda_simulation    ;
; EDA_TEST_BENCH_NAME                  ; top_tb                                 ; --            ; --          ; eda_simulation    ;
; EDA_TIME_SCALE                       ; 1 ps                                   ; --            ; --          ; eda_simulation    ;
; MAX_CORE_JUNCTION_TEMP               ; 85                                     ; --            ; --          ; --                ;
; MIN_CORE_JUNCTION_TEMP               ; 0                                      ; --            ; --          ; --                ;
; MISC_FILE                            ; BRAM.bsf                               ; --            ; --          ; --                ;
; MISC_FILE                            ; BRAM_inst.v                            ; --            ; --          ; --                ;
; MISC_FILE                            ; BRAM_bb.v                              ; --            ; --          ; --                ;
; MISC_FILE                            ; BRAM.inc                               ; --            ; --          ; --                ;
; MISC_FILE                            ; BRAM.cmp                               ; --            ; --          ; --                ;
; MISC_FILE                            ; BRAM_syn.v                             ; --            ; --          ; --                ;
; NOMINAL_CORE_SUPPLY_VOLTAGE          ; 1.2V                                   ; --            ; --          ; --                ;
; PARTITION_COLOR                      ; -- (Not supported for targeted family) ; --            ; top         ; Top               ;
; PARTITION_FITTER_PRESERVATION_LEVEL  ; -- (Not supported for targeted family) ; --            ; top         ; Top               ;
; PARTITION_NETLIST_TYPE               ; -- (Not supported for targeted family) ; --            ; top         ; Top               ;
; POWER_BOARD_THERMAL_MODEL            ; None (CONSERVATIVE)                    ; --            ; --          ; --                ;
; POWER_PRESET_COOLING_SOLUTION        ; 23 MM HEAT SINK WITH 200 LFPM AIRFLOW  ; --            ; --          ; --                ;
; PROJECT_OUTPUT_DIRECTORY             ; output_files                           ; --            ; --          ; --                ;
; TOP_LEVEL_ENTITY                     ; top                                    ; bus           ; --          ; --                ;
+--------------------------------------+----------------------------------------+---------------+-------------+-------------------+


+--------------------------------------------------------------------------------------------------------------------------+
; Flow Elapsed Time                                                                                                        ;
+----------------------+--------------+-------------------------+---------------------+------------------------------------+
; Module Name          ; Elapsed Time ; Average Processors Used ; Peak Virtual Memory ; Total CPU Time (on all processors) ;
+----------------------+--------------+-------------------------+---------------------+------------------------------------+
<<<<<<< HEAD
; Analysis & Synthesis ; 00:00:44     ; 1.0                     ; 4836 MB             ; 00:01:30                           ;
; Fitter               ; 00:00:18     ; 1.0                     ; 5703 MB             ; 00:00:25                           ;
; Assembler            ; 00:00:05     ; 1.0                     ; 4683 MB             ; 00:00:05                           ;
; Timing Analyzer      ; 00:00:04     ; 1.1                     ; 4848 MB             ; 00:00:04                           ;
; EDA Netlist Writer   ; 00:00:03     ; 1.0                     ; 4644 MB             ; 00:00:03                           ;
; Total                ; 00:01:14     ; --                      ; --                  ; 00:02:07                           ;
=======
; Analysis & Synthesis ; 00:00:25     ; 1.0                     ; 4827 MB             ; 00:00:57                           ;
; Total                ; 00:00:25     ; --                      ; --                  ; 00:00:57                           ;
>>>>>>> 5b0bba1ba2a3fb7fe864d9ba9dd2181ece03fcf0
+----------------------+--------------+-------------------------+---------------------+------------------------------------+


+------------------------------------------------------------------------------------+
; Flow OS Summary                                                                    ;
+----------------------+------------------+------------+------------+----------------+
; Module Name          ; Machine Hostname ; OS Name    ; OS Version ; Processor type ;
+----------------------+------------------+------------+------------+----------------+
; Analysis & Synthesis ; LAPTOP-MR2F0706  ; Windows 10 ; 10.0       ; x86_64         ;
; Fitter               ; LAPTOP-MR2F0706  ; Windows 10 ; 10.0       ; x86_64         ;
; Assembler            ; LAPTOP-MR2F0706  ; Windows 10 ; 10.0       ; x86_64         ;
; Timing Analyzer      ; LAPTOP-MR2F0706  ; Windows 10 ; 10.0       ; x86_64         ;
; EDA Netlist Writer   ; LAPTOP-MR2F0706  ; Windows 10 ; 10.0       ; x86_64         ;
+----------------------+------------------+------------+------------+----------------+


------------
; Flow Log ;
------------
quartus_map --read_settings_files=on --write_settings_files=off bus -c bus
quartus_fit --read_settings_files=off --write_settings_files=off bus -c bus
quartus_asm --read_settings_files=off --write_settings_files=off bus -c bus
quartus_sta bus -c bus
quartus_eda --read_settings_files=off --write_settings_files=off bus -c bus



