Flow report for bus
Mon Feb 28 19:56:14 2022
Quartus Prime Version 19.1.0 Build 670 09/22/2019 SJ Lite Edition


---------------------
; Table of Contents ;
---------------------
  1. Legal Notice
  2. Flow Summary
  3. Flow Settings
  4. Flow Non-Default Global Settings
  5. Flow Elapsed Time
  6. Flow OS Summary
  7. Flow Log
  8. Flow Messages
  9. Flow Suppressed Messages



----------------
; Legal Notice ;
----------------
Copyright (C) 2019  Intel Corporation. All rights reserved.
Your use of Intel Corporation's design tools, logic functions 
and other software and tools, and any partner logic 
functions, and any output files from any of the foregoing 
(including device programming or simulation files), and any 
associated documentation or information are expressly subject 
to the terms and conditions of the Intel Program License 
Subscription Agreement, the Intel Quartus Prime License Agreement,
the Intel FPGA IP License Agreement, or other applicable license
agreement, including, without limitation, that your use is for
the sole purpose of programming logic devices manufactured by
Intel and sold by Intel or its authorized distributors.  Please
refer to the applicable agreement for further details, at
https://fpgasoftware.intel.com/eula.



+----------------------------------------------------------------------------------+
; Flow Summary                                                                     ;
+------------------------------------+---------------------------------------------+
; Flow Status                        ; Successful - Mon Feb 28 19:56:14 2022       ;
; Quartus Prime Version              ; 19.1.0 Build 670 09/22/2019 SJ Lite Edition ;
; Revision Name                      ; bus                                         ;
; Top-level Entity Name              ; tops_combined                               ;
; Family                             ; Cyclone IV E                                ;
; Device                             ; EP4CE115F29C7                               ;
; Timing Models                      ; Final                                       ;
; Total logic elements               ; 4,279 / 114,480 ( 4 % )                     ;
;     Total combinational functions  ; 4,127 / 114,480 ( 4 % )                     ;
;     Dedicated logic registers      ; 2,514 / 114,480 ( 2 % )                     ;
; Total registers                    ; 2514                                        ;
; Total pins                         ; 93 / 529 ( 18 % )                           ;
; Total virtual pins                 ; 0                                           ;
; Total memory bits                  ; 0 / 3,981,312 ( 0 % )                       ;
; Embedded Multiplier 9-bit elements ; 0 / 532 ( 0 % )                             ;
; Total PLLs                         ; 0 / 4 ( 0 % )                               ;
+------------------------------------+---------------------------------------------+


+-----------------------------------------+
; Flow Settings                           ;
+-------------------+---------------------+
; Option            ; Setting             ;
+-------------------+---------------------+
; Start date & time ; 02/28/2022 19:55:30 ;
; Main task         ; Compilation         ;
; Revision Name     ; bus                 ;
+-------------------+---------------------+


+-----------------------------------------------------------------------------------------------------------------------------------+
; Flow Non-Default Global Settings                                                                                                  ;
+--------------------------------------+----------------------------------------+---------------+---------------+-------------------+
; Assignment Name                      ; Value                                  ; Default Value ; Entity Name   ; Section Id        ;
+--------------------------------------+----------------------------------------+---------------+---------------+-------------------+
; COMPILER_SIGNATURE_ID                ; 104341393932832.164605833005196        ; --            ; --            ; --                ;
; EDA_DESIGN_INSTANCE_NAME             ; NA                                     ; --            ; --            ; slave_out_port_tb ;
; EDA_DESIGN_INSTANCE_NAME             ; NA                                     ; --            ; --            ; slave_4k_tb       ;
; EDA_DESIGN_INSTANCE_NAME             ; NA                                     ; --            ; --            ; slave_port_tb     ;
; EDA_DESIGN_INSTANCE_NAME             ; NA                                     ; --            ; --            ; slave_in_port_tb  ;
; EDA_DESIGN_INSTANCE_NAME             ; NA                                     ; --            ; --            ; UART_TB           ;
; EDA_DESIGN_INSTANCE_NAME             ; NA                                     ; --            ; --            ; top2_tb           ;
; EDA_DESIGN_INSTANCE_NAME             ; NA                                     ; --            ; --            ; tops_combined_tb  ;
; EDA_DESIGN_INSTANCE_NAME             ; NA                                     ; --            ; --            ; top_tb            ;
; EDA_NATIVELINK_SIMULATION_TEST_BENCH ; tops_combined_tb                       ; --            ; --            ; eda_simulation    ;
; EDA_OUTPUT_DATA_FORMAT               ; Verilog Hdl                            ; --            ; --            ; eda_simulation    ;
; EDA_SIMULATION_TOOL                  ; ModelSim-Altera (Verilog)              ; <None>        ; --            ; --                ;
; EDA_TEST_BENCH_ENABLE_STATUS         ; TEST_BENCH_MODE                        ; --            ; --            ; eda_simulation    ;
; EDA_TEST_BENCH_FILE                  ; slave_out_port_tb.v                    ; --            ; --            ; slave_out_port_tb ;
; EDA_TEST_BENCH_FILE                  ; slave_4k_tb.v                          ; --            ; --            ; slave_4k_tb       ;
; EDA_TEST_BENCH_FILE                  ; slave_port_tb.v                        ; --            ; --            ; slave_port_tb     ;
; EDA_TEST_BENCH_FILE                  ; slave_in_port_tb.v                     ; --            ; --            ; slave_in_port_tb  ;
; EDA_TEST_BENCH_FILE                  ; UART_TB.v                              ; --            ; --            ; UART_TB           ;
; EDA_TEST_BENCH_FILE                  ; top2_tb.v                              ; --            ; --            ; top2_tb           ;
; EDA_TEST_BENCH_FILE                  ; tops_combined_tb.v                     ; --            ; --            ; tops_combined_tb  ;
; EDA_TEST_BENCH_FILE                  ; top_tb.v                               ; --            ; --            ; top_tb            ;
; EDA_TEST_BENCH_MODULE_NAME           ; slave_out_port_tb                      ; --            ; --            ; slave_out_port_tb ;
; EDA_TEST_BENCH_MODULE_NAME           ; slave_4k_tb                            ; --            ; --            ; slave_4k_tb       ;
; EDA_TEST_BENCH_MODULE_NAME           ; slave_port_tb                          ; --            ; --            ; slave_port_tb     ;
; EDA_TEST_BENCH_MODULE_NAME           ; slave_in_port_tb                       ; --            ; --            ; slave_in_port_tb  ;
; EDA_TEST_BENCH_MODULE_NAME           ; UART_TB                                ; --            ; --            ; UART_TB           ;
; EDA_TEST_BENCH_MODULE_NAME           ; top2_tb                                ; --            ; --            ; top2_tb           ;
; EDA_TEST_BENCH_MODULE_NAME           ; tops_combined_tb                       ; --            ; --            ; tops_combined_tb  ;
; EDA_TEST_BENCH_MODULE_NAME           ; top_tb                                 ; --            ; --            ; top_tb            ;
; EDA_TEST_BENCH_NAME                  ; slave_in_port_tb                       ; --            ; --            ; eda_simulation    ;
; EDA_TEST_BENCH_NAME                  ; slave_out_port_tb                      ; --            ; --            ; eda_simulation    ;
; EDA_TEST_BENCH_NAME                  ; slave_port_tb                          ; --            ; --            ; eda_simulation    ;
; EDA_TEST_BENCH_NAME                  ; slave_4k_tb                            ; --            ; --            ; eda_simulation    ;
; EDA_TEST_BENCH_NAME                  ; top_tb                                 ; --            ; --            ; eda_simulation    ;
; EDA_TEST_BENCH_NAME                  ; UART_TB                                ; --            ; --            ; eda_simulation    ;
; EDA_TEST_BENCH_NAME                  ; top2_tb                                ; --            ; --            ; eda_simulation    ;
; EDA_TEST_BENCH_NAME                  ; tops_combined_tb                       ; --            ; --            ; eda_simulation    ;
; EDA_TIME_SCALE                       ; 1 ps                                   ; --            ; --            ; eda_simulation    ;
; MAX_CORE_JUNCTION_TEMP               ; 85                                     ; --            ; --            ; --                ;
; MIN_CORE_JUNCTION_TEMP               ; 0                                      ; --            ; --            ; --                ;
; NOMINAL_CORE_SUPPLY_VOLTAGE          ; 1.2V                                   ; --            ; --            ; --                ;
; PARTITION_COLOR                      ; -- (Not supported for targeted family) ; --            ; tops_combined ; Top               ;
; PARTITION_FITTER_PRESERVATION_LEVEL  ; -- (Not supported for targeted family) ; --            ; tops_combined ; Top               ;
; PARTITION_NETLIST_TYPE               ; -- (Not supported for targeted family) ; --            ; tops_combined ; Top               ;
; POWER_BOARD_THERMAL_MODEL            ; None (CONSERVATIVE)                    ; --            ; --            ; --                ;
; POWER_PRESET_COOLING_SOLUTION        ; 23 MM HEAT SINK WITH 200 LFPM AIRFLOW  ; --            ; --            ; --                ;
; PROJECT_OUTPUT_DIRECTORY             ; output_files                           ; --            ; --            ; --                ;
; TOP_LEVEL_ENTITY                     ; tops_combined                          ; bus           ; --            ; --                ;
+--------------------------------------+----------------------------------------+---------------+---------------+-------------------+


+--------------------------------------------------------------------------------------------------------------------------+
; Flow Elapsed Time                                                                                                        ;
+----------------------+--------------+-------------------------+---------------------+------------------------------------+
; Module Name          ; Elapsed Time ; Average Processors Used ; Peak Virtual Memory ; Total CPU Time (on all processors) ;
+----------------------+--------------+-------------------------+---------------------+------------------------------------+
; Analysis & Synthesis ; 00:00:16     ; 1.0                     ; 4828 MB             ; 00:00:24                           ;
; Fitter               ; 00:00:19     ; 1.1                     ; 5754 MB             ; 00:00:34                           ;
; Assembler            ; 00:00:02     ; 1.0                     ; 4709 MB             ; 00:00:02                           ;
; Timing Analyzer      ; 00:00:03     ; 1.3                     ; 4897 MB             ; 00:00:03                           ;
; EDA Netlist Writer   ; 00:00:00     ; 1.0                     ; 4670 MB             ; 00:00:01                           ;
; Total                ; 00:00:40     ; --                      ; --                  ; 00:01:04                           ;
+----------------------+--------------+-------------------------+---------------------+------------------------------------+


+------------------------------------------------------------------------------------+
; Flow OS Summary                                                                    ;
+----------------------+------------------+------------+------------+----------------+
; Module Name          ; Machine Hostname ; OS Name    ; OS Version ; Processor type ;
+----------------------+------------------+------------+------------+----------------+
; Analysis & Synthesis ; DESKTOP-83DCP57  ; Windows 10 ; 10.0       ; x86_64         ;
; Fitter               ; DESKTOP-83DCP57  ; Windows 10 ; 10.0       ; x86_64         ;
; Assembler            ; DESKTOP-83DCP57  ; Windows 10 ; 10.0       ; x86_64         ;
; Timing Analyzer      ; DESKTOP-83DCP57  ; Windows 10 ; 10.0       ; x86_64         ;
; EDA Netlist Writer   ; DESKTOP-83DCP57  ; Windows 10 ; 10.0       ; x86_64         ;
+----------------------+------------------+------------+------------+----------------+


------------
; Flow Log ;
------------
quartus_map --read_settings_files=on --write_settings_files=off bus -c bus
quartus_fit --read_settings_files=off --write_settings_files=off bus -c bus
quartus_asm --read_settings_files=off --write_settings_files=off bus -c bus
quartus_sta bus -c bus
quartus_eda --read_settings_files=off --write_settings_files=off bus -c bus



